This is pdfeTeX, Version 3.141592-1.30.6-2.2 (MiKTeX 2.5) (preloaded format=latex 2006.10.17)  23 MAR 2007 15:53
entering extended mode
**C:/Documents*and*Settings/swang/My*Documents/Research/MIMO_Relay/On_MIMO_Beam
forming_with_finite_rate_feedback.TeX

("C:\Documents and Settings\swang\My Documents\Research\MIMO_Relay\On_MIMO_Beam
forming_with_finite_rate_feedback.TeX"
LaTeX2e <2005/12/01>
Babel <v3.8g> and hyphenation patterns for english, dumylang, nohyphenation, ge
rman, ngerman, french, loaded.
(IEEEtran.cls
Document Class `IEEEtran' V1.5 <26-July-2001>
Read the source comments for docs.
Document Class: IEEEtran 2001/07/26 revision V1.5 by M. Shell and J. v.Hagen
-- This is a 10 point document
\@IEEEmarginA=\dimen102
\@IEEEmarginB=\dimen103
\IEEEilabelindentA=\dimen104
\IEEEilabelindentB=\dimen105
\IEEEilabelindent=\dimen106
\IEEEelabelindent=\dimen107
\IEEEdlabelindent=\dimen108
\labelindent=\dimen109
\IEEEiednormlabelsep=\dimen110
\IEEEiedmathlabelsep=\dimen111
\IEEEiedtopsep=\dimen112
\@iedjustify=\count79
\@iedtopsep=\dimen113
\@iedlabelwidth=\dimen114
\@iedlabelsep=\dimen115
\@iedleftmargin=\dimen116
\@iedpartopsep=\dimen117
\@iedparsep=\dimen118
\@ieditemsep=\dimen119
\@iedrightmargin=\dimen120
\@iedlistparindent=\dimen121
\@ieditemindent=\dimen122
\c@section=\count80
\c@subsection=\count81
\c@subsubsection=\count82
\c@paragraph=\count83
\@maxsep=\dimen123
\@dblmaxsep=\dimen124
\captionindent=\skip41
\c@figure=\count84
\c@table=\count85
\tmpitemindent=\dimen125
) ("C:\Program Files\MiKTeX 2.5\tex\latex\amsfonts\amsfonts.sty"
Package: amsfonts 2001/10/25 v2.2f
\@emptytoks=\toks14
\symAMSa=\mathgroup4
\symAMSb=\mathgroup5
LaTeX Font Info:    Overwriting math alphabet `\mathfrak' in version `bold'
(Font)                  U/euf/m/n --> U/euf/b/n on input line 132.
)
("C:\Program Files\MiKTeX 2.5\tex\latex\amscls\amsthm.sty"
Package: amsthm 2004/08/06 v2.20
\thm@style=\toks15
\thm@bodyfont=\toks16
\thm@headfont=\toks17
\thm@notefont=\toks18
\thm@headpunct=\toks19
\thm@preskip=\skip42
\thm@postskip=\skip43
\thm@headsep=\skip44
\dth@everypar=\toks20
)
("C:\Program Files\MiKTeX 2.5\tex\latex\amsmath\amsmath.sty"
Package: amsmath 2000/07/18 v2.13 AMS math features
\@mathmargin=\skip45

For additional information on amsmath, use the `?' option.
("C:\Program Files\MiKTeX 2.5\tex\latex\amsmath\amstext.sty"
Package: amstext 2000/06/29 v2.01

("C:\Program Files\MiKTeX 2.5\tex\latex\amsmath\amsgen.sty"
File: amsgen.sty 1999/11/30 v2.0
\@emptytoks=\toks21
\ex@=\dimen126
))
("C:\Program Files\MiKTeX 2.5\tex\latex\amsmath\amsbsy.sty"
Package: amsbsy 1999/11/29 v1.2d
\pmbraise@=\dimen127
)
("C:\Program Files\MiKTeX 2.5\tex\latex\amsmath\amsopn.sty"
Package: amsopn 1999/12/14 v2.01 operator names
)
\inf@bad=\count86
LaTeX Info: Redefining \frac on input line 211.
\uproot@=\count87
\leftroot@=\count88
LaTeX Info: Redefining \overline on input line 307.
\classnum@=\count89
\DOTSCASE@=\count90
LaTeX Info: Redefining \ldots on input line 379.
LaTeX Info: Redefining \dots on input line 382.
LaTeX Info: Redefining \cdots on input line 467.
\Mathstrutbox@=\box26
\strutbox@=\box27
\big@size=\dimen128
LaTeX Font Info:    Redeclaring font encoding OML on input line 567.
LaTeX Font Info:    Redeclaring font encoding OMS on input line 568.
\macc@depth=\count91
\c@MaxMatrixCols=\count92
\dotsspace@=\muskip10
\c@parentequation=\count93
\dspbrk@lvl=\count94
\tag@help=\toks22
\row@=\count95
\column@=\count96
\maxfields@=\count97
\andhelp@=\toks23
\eqnshift@=\dimen129
\alignsep@=\dimen130
\tagshift@=\dimen131
\tagwidth@=\dimen132
\totwidth@=\dimen133
\lineht@=\dimen134
\@envbody=\toks24
\multlinegap=\skip46
\multlinetaggap=\skip47
\mathdisplay@stack=\toks25
LaTeX Info: Redefining \[ on input line 2666.
LaTeX Info: Redefining \] on input line 2667.
)
("C:\Program Files\MiKTeX 2.5\tex\latex\graphics\graphicx.sty"
Package: graphicx 1999/02/16 v1.0f Enhanced LaTeX Graphics (DPC,SPQR)

("C:\Program Files\MiKTeX 2.5\tex\latex\graphics\keyval.sty"
Package: keyval 1999/03/16 v1.13 key=value parser (DPC)
\KV@toks@=\toks26
)
("C:\Program Files\MiKTeX 2.5\tex\latex\graphics\graphics.sty"
Package: graphics 2006/02/20 v1.0o Standard LaTeX Graphics (DPC,SPQR)

("C:\Program Files\MiKTeX 2.5\tex\latex\graphics\trig.sty"
Package: trig 1999/03/16 v1.09 sin cos tan (DPC)
)
("C:\Program Files\MiKTeX 2.5\tex\latex\00miktex\graphics.cfg"
File: graphics.cfg 2005/12/29 v1.2 MiKTeX 'graphics' configuration
)
Package graphics Info: Driver file: dvips.def on input line 90.

("C:\Program Files\MiKTeX 2.5\tex\latex\graphics\dvips.def"
File: dvips.def 1999/02/16 v3.0i Driver-dependant file (DPC,SPQR)
))
\Gin@req@height=\dimen135
\Gin@req@width=\dimen136
)
("C:\Program Files\MiKTeX 2.5\tex\latex\fancyhdr\fancyhdr.sty"
\fancy@headwidth=\skip48
\f@ncyO@elh=\skip49
\f@ncyO@erh=\skip50
\f@ncyO@olh=\skip51
\f@ncyO@orh=\skip52
\f@ncyO@elf=\skip53
\f@ncyO@erf=\skip54
\f@ncyO@olf=\skip55
\f@ncyO@orf=\skip56
)
\c@Prop=\count98
\c@lemma=\count99
\c@theorem=\count100


LaTeX Warning: Unused global option(s):
    [a4paper].

(On_MIMO_Beamforming_with_finite_rate_feedback.aux)
LaTeX Font Info:    Checking defaults for OML/cmm/m/it on input line 96.
LaTeX Font Info:    ... okay on input line 96.
LaTeX Font Info:    Checking defaults for T1/cmr/m/n on input line 96.
LaTeX Font Info:    ... okay on input line 96.
LaTeX Font Info:    Checking defaults for OT1/cmr/m/n on input line 96.
LaTeX Font Info:    ... okay on input line 96.
LaTeX Font Info:    Checking defaults for OMS/cmsy/m/n on input line 96.
LaTeX Font Info:    ... okay on input line 96.
LaTeX Font Info:    Checking defaults for OMX/cmex/m/n on input line 96.
LaTeX Font Info:    ... okay on input line 96.
LaTeX Font Info:    Checking defaults for U/cmr/m/n on input line 96.
LaTeX Font Info:    ... okay on input line 96.
LaTeX Font Info:    Try loading font information for OT1+ptm on input line 96.

("C:\Program Files\MiKTeX 2.5\tex\latex\psnfss\ot1ptm.fd"
File: ot1ptm.fd 2001/06/04 font definitions for OT1/ptm.
)
LaTeX Font Info:    Try loading font information for U+msa on input line 97.

("C:\Program Files\MiKTeX 2.5\tex\latex\amsfonts\umsa.fd"
File: umsa.fd 2002/01/19 v2.2g AMS font definitions
)
LaTeX Font Info:    Try loading font information for U+msb on input line 97.

("C:\Program Files\MiKTeX 2.5\tex\latex\amsfonts\umsb.fd"
File: umsb.fd 2002/01/19 v2.2g AMS font definitions
)
LaTeX Font Info:    Font shape `OT1/ptm/bx/n' in size <9> not available
(Font)              Font shape `OT1/ptm/b/n' tried instead on input line 98.
LaTeX Font Info:    Font shape `OT1/ptm/bx/it' in size <9> not available
(Font)              Font shape `OT1/ptm/b/it' tried instead on input line 98.
File: MIMO_Relay_01.eps Graphic file (type eps)
 <MIMO_Relay_01.eps>
[1


]
Underfull \hbox (badness 1215) in paragraph at lines 211--227
\OT1/ptm/m/n/10 chan-nel (MAC). With the as-sump-tion that the re-lay
 []

File: MIMO_channel.eps Graphic file (type eps)
<MIMO_channel.eps> [2]
LaTeX Font Info:    Font shape `OT1/ptm/bx/n' in size <10> not available
(Font)              Font shape `OT1/ptm/b/n' tried instead on input line 325.
 [3]
Overfull \hbox (5.25977pt too wide) detected at line 605
 $ []$  
 []

[4]
Underfull \hbox (badness 1635) in paragraph at lines 691--693
[][]\OT1/ptm/m/n/10 From Lemma 2[], the max-i-mum beam-form-ing
 []

File: MIMO_distortion.eps Graphic file (type eps)
<MIMO_distortion.eps>
Overfull \hbox (2.38629pt too wide) in paragraph at lines 701--704
 [][] 
 []

[5]
File: MIMO_SNR.eps Graphic file (type eps)
 <MIMO_SNR.eps>
Overfull \hbox (2.38629pt too wide) in paragraph at lines 854--857
 [][] 
 []

File: MIMO_SIR.eps Graphic file (type eps)
<MIMO_SIR.eps>
Overfull \hbox (2.38629pt too wide) in paragraph at lines 886--888
 [][] 
 []

[6]
Underfull \hbox (badness 10000) in paragraph at lines 1047--1053
[]\OT1/ptm/m/n/10 where $\OML/cmm/m/it/10 [] \OT1/cmr/m/n/10 = [] []$ \OT1/ptm
/m/n/10 and $\OML/cmm/m/it/10 [] \OT1/cmr/m/n/10 =
 []


Overfull \hbox (15.11311pt too wide) detected at line 1078
 $ []$  
 []

(On_MIMO_Beamforming_with_finite_rate_feedback.bbl
LaTeX Font Info:    Try loading font information for OT1+pcr on input line 4.

("C:\Program Files\MiKTeX 2.5\tex\latex\psnfss\ot1pcr.fd"
File: ot1pcr.fd 2001/06/04 font definitions for OT1/pcr.
) [7]) [8

]
(On_MIMO_Beamforming_with_finite_rate_feedback.aux) ) 
Here is how much of TeX's memory you used:
 1816 strings out of 95420
 20030 string characters out of 1187327
 81164 words of memory out of 1071040
 4867 multiletter control sequences out of 60000
 22510 words of font info for 72 fonts, out of 1000000 for 2000
 14 hyphenation exceptions out of 8191
 27i,19n,43p,388b,291s stack positions out of 5000i,500n,10000p,200000b,32768s

Output written on On_MIMO_Beamforming_with_finite_rate_feedback.dvi (8 pages, 7
0428 bytes).
